<?xml version="1.0" encoding="UTF-8"?>
<testsuite xmlns:xsi="http://www.w3.org/2001/XMLSchema-instance" xsi:noNamespaceSchemaLocation="https://maven.apache.org/surefire/maven-surefire-plugin/xsd/surefire-test-report.xsd" name="TestSuite" time="40.363" tests="4" errors="0" skipped="1" failures="2">
  <properties>
[...]
</properties>
  <testcase name="loginSuccessfully" classname="yahoo.testcases.LoginSuccessfully" time="14.995"/>
  <testcase name="loginSuccessfully" classname="yahoo.testcases.LoginSuccessfully2" time="7.352">
    <failure message="expected [2] but found [1]" type="java.lang.AssertionError">java.lang.AssertionError: expected [2] but found [1]
	at yahoo.testcases.LoginSuccessfully2.loginSuccessfully(LoginSuccessfully2.java:23)
</failure>
    <system-out><![CDATA[Executing: [quit browser]
Done: [quit browser]
[STEP] Init driver on WINDOWS.

[STEP] Init Web driver for browser CHROME on WINDOWS.

Picking up Chrome executable at C:\chromedriver.exe
[Element]Executing: send "[Ljava.lang.CharSequence;@53b1a3f8" to: By.id: login-username
Executing: [find element: By.id: login-username]
Done: [find element: By.id: login-username]
[Element]Done: send "[Ljava.lang.CharSequence;@53b1a3f8" to: By.id: login-username
Executing: [find element: By.id: login-signin]
Done: [find element: By.id: login-signin]
[Element]Executing: click: By.id: login-signin
[Element]Done: click: By.id: login-signin
[Element]Executing: send "[Ljava.lang.CharSequence;@d3f4505" to: By.id: login-passwd
Executing: [find element: By.id: login-passwd]
Done: [find element: By.id: login-passwd]
[Element]Done: send "[Ljava.lang.CharSequence;@d3f4505" to: By.id: login-passwd
Executing: [find element: By.id: login-signin]
Done: [find element: By.id: login-signin]
[Element]Executing: click: By.id: login-signin
[Element]Done: click: By.id: login-signin
]]></system-out>
    <system-err><![CDATA[Starting ChromeDriver 2.33.506120 (e3e53437346286c0bc2d2dc9aa4915ba81d9023f) on port 22496
Only local connections are allowed.
]]></system-err>
  </testcase>
  <testcase name="beforeMethod" classname="yahoo.testcases.LoginSuccessfully3" time="8.091">
    <failure type="java.lang.NullPointerException">java.lang.NullPointerException
</failure>
    <system-out><![CDATA[Executing: [quit browser]
Done: [quit browser]
[STEP] Init driver on null.

]]></system-out>
  </testcase>
  <testcase name="loginSuccessfully" classname="yahoo.testcases.LoginSuccessfully3" time="0">
    <skipped/>
  </testcase>
</testsuite>